Unity Editor version:    2020.3.22f1 (e1a7f79fd887)
Branch:                  2020.3/staging
Build type:              Release
Batch mode:              YES
macOS version:           Version 12.0.1 (Build 21A559)
Darwin version:          21.1.0
Architecture:            x86_64
Running under Rosetta:   NO
Available memory:        16384 MB
Using pre-set license
Pro License: NO

COMMAND LINE ARGUMENTS:
/Applications/Unity/Hub/Editor/2020.3.22f1/Unity.app/Contents/MacOS/Unity
-adb2
-batchMode
-noUpm
-name
AssetImportWorker0
-projectPath
/Users/guhalam/Downloads/GraphicsProject3
-logFile
Logs/AssetImportWorker0.log
-srvPort
61968
Successfully changed project path to: /Users/guhalam/Downloads/GraphicsProject3
/Users/guhalam/Downloads/GraphicsProject3
Using Asset Import Pipeline V2.
Refreshing native plugins compatible for Editor in 45.61 ms, found 2 plugins.
Preloading 0 native plugins for Editor in 0.00 ms.
Initialize engine version: 2020.3.22f1 (e1a7f79fd887)
[Subsystems] Discovering subsystems at path /Applications/Unity/Hub/Editor/2020.3.22f1/Unity.app/Contents/Resources/UnitySubsystems
[Subsystems] Discovering subsystems at path /Users/guhalam/Downloads/GraphicsProject3/Assets
GfxDevice: creating device client; threaded=0
2021-11-29 18:28:40.521 Unity[48222:4938753] Color LCD preferred device: AMD Radeon Pro 5500M (high power)
2021-11-29 18:28:40.521 Unity[48222:4938753] Metal devices available: 2
2021-11-29 18:28:40.521 Unity[48222:4938753] 0: AMD Radeon Pro 5500M (high power)
2021-11-29 18:28:40.521 Unity[48222:4938753] 1: Intel(R) UHD Graphics 630 (low power)
2021-11-29 18:28:40.521 Unity[48222:4938753] Using device AMD Radeon Pro 5500M (high power)
Initializing Metal device caps: AMD Radeon Pro 5500M
Initialize mono
Mono path[0] = '/Applications/Unity/Hub/Editor/2020.3.22f1/Unity.app/Contents/Managed'
Mono path[1] = '/Applications/Unity/Hub/Editor/2020.3.22f1/Unity.app/Contents/MonoBleedingEdge/lib/mono/unityjit'
Mono config path = '/Applications/Unity/Hub/Editor/2020.3.22f1/Unity.app/Contents/MonoBleedingEdge/etc'
Using monoOptions --debugger-agent=transport=dt_socket,embedding=1,server=y,suspend=n,address=127.0.0.1:56222
Begin MonoManager ReloadAssembly
Registering precompiled unity dll's ...
Register platform support module: /Applications/Unity/Hub/Editor/2020.3.22f1/Unity.app/Contents/PlaybackEngines/MacStandaloneSupport/UnityEditor.OSXStandalone.Extensions.dll
Register platform support module: /Applications/Unity/Hub/Editor/2020.3.22f1/PlaybackEngines/WindowsStandaloneSupport/UnityEditor.WindowsStandalone.Extensions.dll
Registered in 0.000787 seconds.
Native extension for WindowsStandalone target not found
Native extension for OSXStandalone target not found
Refreshing native plugins compatible for Editor in 41.50 ms, found 2 plugins.
Preloading 0 native plugins for Editor in 0.00 ms.
Mono: successfully reloaded assembly
- Completed reload, in  2.924 seconds
Domain Reload Profiling:
	ReloadAssembly (2925ms)
		BeginReloadAssembly (50ms)
			ExecutionOrderSort (0ms)
			DisableScriptedObjects (0ms)
			BackupInstance (0ms)
			ReleaseScriptingObjects (0ms)
			CreateAndSetChildDomain (1ms)
		EndReloadAssembly (513ms)
			LoadAssemblies (49ms)
			RebuildTransferFunctionScriptingTraits (0ms)
			SetupTypeCache (190ms)
			ReleaseScriptCaches (0ms)
			RebuildScriptCaches (39ms)
			SetupLoadedEditorAssemblies (194ms)
				LogAssemblyErrors (0ms)
				InitializePlatformSupportModulesInManaged (4ms)
				SetLoadedEditorAssemblies (0ms)
				RefreshPlugins (42ms)
				BeforeProcessingInitializeOnLoad (10ms)
				ProcessInitializeOnLoadAttributes (104ms)
				ProcessInitializeOnLoadMethodAttributes (34ms)
				AfterProcessingInitializeOnLoad (0ms)
				EditorAssembliesLoaded (0ms)
			ExecutionOrderSort2 (0ms)
			AwakeInstancesAfterBackupRestoration (0ms)
Platform modules already initialized, skipping
Registering precompiled user dll's ...
Registered in 0.002150 seconds.
Begin MonoManager ReloadAssembly
Native extension for WindowsStandalone target not found
Native extension for OSXStandalone target not found
Refreshing native plugins compatible for Editor in 0.37 ms, found 2 plugins.
Preloading 0 native plugins for Editor in 0.00 ms.
Mono: successfully reloaded assembly
- Completed reload, in  1.135 seconds
Domain Reload Profiling:
	ReloadAssembly (1135ms)
		BeginReloadAssembly (162ms)
			ExecutionOrderSort (0ms)
			DisableScriptedObjects (5ms)
			BackupInstance (0ms)
			ReleaseScriptingObjects (0ms)
			CreateAndSetChildDomain (23ms)
		EndReloadAssembly (907ms)
			LoadAssemblies (82ms)
			RebuildTransferFunctionScriptingTraits (0ms)
			SetupTypeCache (336ms)
			ReleaseScriptCaches (0ms)
			RebuildScriptCaches (53ms)
			SetupLoadedEditorAssemblies (322ms)
				LogAssemblyErrors (0ms)
				InitializePlatformSupportModulesInManaged (6ms)
				SetLoadedEditorAssemblies (1ms)
				RefreshPlugins (0ms)
				BeforeProcessingInitializeOnLoad (74ms)
				ProcessInitializeOnLoadAttributes (230ms)
				ProcessInitializeOnLoadMethodAttributes (9ms)
				AfterProcessingInitializeOnLoad (2ms)
				EditorAssembliesLoaded (0ms)
			ExecutionOrderSort2 (0ms)
			AwakeInstancesAfterBackupRestoration (8ms)
Platform modules already initialized, skipping
Validating Project structure ... 0.007590 seconds.
Shader import version has changed; will reimport all shaders...
Upgrading shader files ...0.009227 seconds.
Application.AssetDatabase Initial Script Refresh Start
RefreshInfo: InitialScriptRefreshV2(NoUpdateAssetOptions) scanfilter:  ... 1 filters
RefreshProfiler: Total: 0.000ms
Application.AssetDatabase Initial Script Refresh End
Application.AssetDatabase.Refresh Start
Application.AssetDatabase.Refresh End
RefreshInfo: StopAssetImportingV2(ForceSynchronousImport) scanfilter: 
RefreshProfiler: Total: 0.000ms
Launching external process: /Applications/Unity/Hub/Editor/2020.3.22f1/Unity.app/Contents/Tools/UnityShaderCompiler
Launched and connected shader compiler UnityShaderCompiler after 0.01 seconds
Initializing Unity extensions:
2021-11-29 18:28:45.326 Unity[48222:4938753] NSEventModifierFlagFunction specified to -setKeyEquivalentModifierMask: for item <NSMenuItem: 0x600001754fc0 Font Asset, ke='Command-F12'>, but is only supported for system-provided menu items; will not be used
2021-11-29 18:28:45.330 Unity[48222:4938753] NSEventModifierFlagFunction specified to -setKeyEquivalentModifierMask: for item <NSMenuItem: 0x6000017464c0 Font Asset, ke='Command-F12'>, but is only supported for system-provided menu items; will not be used
========================================================================
Worker process is ready to serve import requests
Refreshing native plugins compatible for Editor in 0.50 ms, found 2 plugins.
Preloading 0 native plugins for Editor in 0.00 ms.
Unloading 1558 Unused Serialized files (Serialized files now loaded: 0)
System memory in use before: 209.6 MB.
System memory in use after: 208.8 MB.

Unloading 140 unused Assets to reduce memory usage. Loaded Objects now: 2039.
Total: 3.718811 ms (FindLiveObjects: 0.242483 ms CreateObjectMapping: 0.073595 ms MarkObjects: 2.899901 ms  DeleteObjects: 0.502017 ms)

AssetImportParameters requested are different than current active one (requested -> active):
  custom:video-decoder-ogg-theora: a1e56fd34408186e4bbccfd4996cb3dc -> 
  custom:container-muxer-webm: aa71ff27fc2769a1b78a27578f13a17b -> 
  custom:container-demuxer-webm: 4f35f7cbe854078d1ac9338744f61a02 -> 
  custom:container-demuxer-ogg: 62fdf1f143b41e24485cea50d1cbac27 -> 
  custom:video-encoder-webm-vp8: eb34c28f22e8b96e1ab97ce403110664 -> 
  custom:framework-osx-AVFoundation: e770b220cccbd017edd2c1fefb359320 -> 
  custom:video-decoder-webm-vp8: 9c59270c3fd7afecdb556c50c9e8de78 -> 
  custom:audio-decoder-ogg-vorbis: bf7c407c2cedff20999df2af8eb42d56 -> 
  custom:audio-encoder-webm-vorbis: bf7c407c2cedff20999df2af8eb42d56 -> 
========================================================================
Received Import Request.
  path: Assets/Scenes/Scripts/OneRoom_Menu.cs
  artifactKey: Guid(c596e637c8bea4012a0adafae63f6f33) Importer(815301076,1909f56bfc062723c751e8b465ee728b)
Start importing Assets/Scenes/Scripts/OneRoom_Menu.cs using Guid(c596e637c8bea4012a0adafae63f6f33) Importer(815301076,1909f56bfc062723c751e8b465ee728b)  -> (artifact id: 'fa0016fd4e4fa0bcf615c79425d67687') in 0.195499 seconds 
  Import took 0.198375 seconds .

========================================================================
Received Import Request.
  Time since last request: 0.006952 seconds.
  path: Assets/Scenes/TextMesh Pro
  artifactKey: Guid(4dd2f5624e433b84b8fc4f5170cd33bb) Importer(815301076,1909f56bfc062723c751e8b465ee728b)
Start importing Assets/Scenes/TextMesh Pro using Guid(4dd2f5624e433b84b8fc4f5170cd33bb) Importer(815301076,1909f56bfc062723c751e8b465ee728b)  -> (artifact id: 'cd4665398c128d2b8436489835b86f7e') in 0.001594 seconds 
  Import took 0.005792 seconds .

========================================================================
Received Prepare
Registering precompiled user dll's ...
Registered in 0.001793 seconds.
Begin MonoManager ReloadAssembly
Native extension for WindowsStandalone target not found
Native extension for OSXStandalone target not found
Refreshing native plugins compatible for Editor in 0.42 ms, found 2 plugins.
Preloading 0 native plugins for Editor in 0.00 ms.
2021-11-29 18:29:32.547 Unity[48222:4938753] NSEventModifierFlagFunction specified to -setKeyEquivalentModifierMask: for item <NSMenuItem: 0x60000175c230 Font Asset, ke='Command-F12'>, but is only supported for system-provided menu items; will not be used
Mono: successfully reloaded assembly
- Completed reload, in  1.134 seconds
Domain Reload Profiling:
	ReloadAssembly (1134ms)
		BeginReloadAssembly (110ms)
			ExecutionOrderSort (0ms)
			DisableScriptedObjects (6ms)
			BackupInstance (0ms)
			ReleaseScriptingObjects (0ms)
			CreateAndSetChildDomain (44ms)
		EndReloadAssembly (959ms)
			LoadAssemblies (77ms)
			RebuildTransferFunctionScriptingTraits (0ms)
			SetupTypeCache (342ms)
			ReleaseScriptCaches (1ms)
			RebuildScriptCaches (48ms)
			SetupLoadedEditorAssemblies (359ms)
				LogAssemblyErrors (0ms)
				InitializePlatformSupportModulesInManaged (6ms)
				SetLoadedEditorAssemblies (1ms)
				RefreshPlugins (0ms)
				BeforeProcessingInitializeOnLoad (119ms)
				ProcessInitializeOnLoadAttributes (221ms)
				ProcessInitializeOnLoadMethodAttributes (9ms)
				AfterProcessingInitializeOnLoad (2ms)
				EditorAssembliesLoaded (0ms)
			ExecutionOrderSort2 (0ms)
			AwakeInstancesAfterBackupRestoration (8ms)
Platform modules already initialized, skipping
Switching build target platform(2) subTarget(0) extendedPlatform(0) -> platform(9) subTarget(16777218) extendedPlatform(0)
Refreshing native plugins compatible for Editor in 0.42 ms, found 2 plugins.
Preloading 0 native plugins for Editor in 0.00 ms.
Unloading 1553 Unused Serialized files (Serialized files now loaded: 0)
System memory in use before: 210.5 MB.
System memory in use after: 210.6 MB.

Unloading 15 unused Assets to reduce memory usage. Loaded Objects now: 2042.
Total: 2.812794 ms (FindLiveObjects: 0.140547 ms CreateObjectMapping: 0.040560 ms MarkObjects: 2.615369 ms  DeleteObjects: 0.015627 ms)

AssetImportParameters requested are different than current active one (requested -> active):
  custom:video-decoder-ogg-theora: a1e56fd34408186e4bbccfd4996cb3dc -> 
  custom:container-muxer-webm: aa71ff27fc2769a1b78a27578f13a17b -> 
  custom:container-demuxer-webm: 4f35f7cbe854078d1ac9338744f61a02 -> 
  custom:container-demuxer-ogg: 62fdf1f143b41e24485cea50d1cbac27 -> 
  custom:video-encoder-webm-vp8: eb34c28f22e8b96e1ab97ce403110664 -> 
  custom:framework-osx-AVFoundation: e770b220cccbd017edd2c1fefb359320 -> 
  custom:video-decoder-webm-vp8: 9c59270c3fd7afecdb556c50c9e8de78 -> 
  custom:graphics/normal-map-encoding: 01000000000000000000000000000000 -> 02000000000000000000000000000000
  custom:audio-decoder-ogg-vorbis: bf7c407c2cedff20999df2af8eb42d56 -> 
  custom:audio-encoder-webm-vorbis: bf7c407c2cedff20999df2af8eb42d56 -> 
========================================================================
Received Import Request.
  Time since last request: 46.527557 seconds.
  path: Assets/Scenes/Scripts/OneRoom_Menu.cs
  artifactKey: Guid(c596e637c8bea4012a0adafae63f6f33) Importer(815301076,1909f56bfc062723c751e8b465ee728b)
Start importing Assets/Scenes/Scripts/OneRoom_Menu.cs using Guid(c596e637c8bea4012a0adafae63f6f33) Importer(815301076,1909f56bfc062723c751e8b465ee728b)  -> (artifact id: 'fa12a1c836801165c6251430a412c223') in 0.003859 seconds 
  Import took 0.006364 seconds .

========================================================================
Received Prepare
Registering precompiled user dll's ...
Registered in 0.002438 seconds.
Begin MonoManager ReloadAssembly
Native extension for WindowsStandalone target not found
Native extension for OSXStandalone target not found
Refreshing native plugins compatible for Editor in 0.48 ms, found 2 plugins.
Preloading 0 native plugins for Editor in 0.00 ms.
2021-11-29 18:30:14.981 Unity[48222:4938753] NSEventModifierFlagFunction specified to -setKeyEquivalentModifierMask: for item <NSMenuItem: 0x6000017512d0 Font Asset, ke='Command-F12'>, but is only supported for system-provided menu items; will not be used
Mono: successfully reloaded assembly
- Completed reload, in  1.453 seconds
Domain Reload Profiling:
	ReloadAssembly (1453ms)
		BeginReloadAssembly (140ms)
			ExecutionOrderSort (0ms)
			DisableScriptedObjects (7ms)
			BackupInstance (0ms)
			ReleaseScriptingObjects (0ms)
			CreateAndSetChildDomain (54ms)
		EndReloadAssembly (1224ms)
			LoadAssemblies (107ms)
			RebuildTransferFunctionScriptingTraits (0ms)
			SetupTypeCache (443ms)
			ReleaseScriptCaches (1ms)
			RebuildScriptCaches (63ms)
			SetupLoadedEditorAssemblies (449ms)
				LogAssemblyErrors (0ms)
				InitializePlatformSupportModulesInManaged (7ms)
				SetLoadedEditorAssemblies (1ms)
				RefreshPlugins (1ms)
				BeforeProcessingInitializeOnLoad (148ms)
				ProcessInitializeOnLoadAttributes (277ms)
				ProcessInitializeOnLoadMethodAttributes (12ms)
				AfterProcessingInitializeOnLoad (3ms)
				EditorAssembliesLoaded (0ms)
			ExecutionOrderSort2 (0ms)
			AwakeInstancesAfterBackupRestoration (10ms)
Platform modules already initialized, skipping
Switching build target platform(2) subTarget(0) extendedPlatform(0) -> platform(9) subTarget(16777218) extendedPlatform(0)
Refreshing native plugins compatible for Editor in 0.50 ms, found 2 plugins.
Preloading 0 native plugins for Editor in 0.00 ms.
Unloading 1553 Unused Serialized files (Serialized files now loaded: 0)
System memory in use before: 210.7 MB.
System memory in use after: 210.8 MB.

Unloading 14 unused Assets to reduce memory usage. Loaded Objects now: 2044.
Total: 3.625303 ms (FindLiveObjects: 0.197684 ms CreateObjectMapping: 0.066189 ms MarkObjects: 3.341718 ms  DeleteObjects: 0.018666 ms)

AssetImportParameters requested are different than current active one (requested -> active):
  custom:video-decoder-ogg-theora: a1e56fd34408186e4bbccfd4996cb3dc -> 
  custom:container-muxer-webm: aa71ff27fc2769a1b78a27578f13a17b -> 
  custom:container-demuxer-webm: 4f35f7cbe854078d1ac9338744f61a02 -> 
  custom:container-demuxer-ogg: 62fdf1f143b41e24485cea50d1cbac27 -> 
  custom:video-encoder-webm-vp8: eb34c28f22e8b96e1ab97ce403110664 -> 
  custom:framework-osx-AVFoundation: e770b220cccbd017edd2c1fefb359320 -> 
  custom:video-decoder-webm-vp8: 9c59270c3fd7afecdb556c50c9e8de78 -> 
  custom:graphics/normal-map-encoding: 01000000000000000000000000000000 -> 02000000000000000000000000000000
  custom:audio-decoder-ogg-vorbis: bf7c407c2cedff20999df2af8eb42d56 -> 
  custom:audio-encoder-webm-vorbis: bf7c407c2cedff20999df2af8eb42d56 -> 
========================================================================
Received Prepare
Registering precompiled user dll's ...
Registered in 0.002032 seconds.
Begin MonoManager ReloadAssembly
Native extension for WindowsStandalone target not found
Native extension for OSXStandalone target not found
Refreshing native plugins compatible for Editor in 0.48 ms, found 2 plugins.
Preloading 0 native plugins for Editor in 0.00 ms.
2021-11-29 18:37:20.314 Unity[48222:4938753] NSEventModifierFlagFunction specified to -setKeyEquivalentModifierMask: for item <NSMenuItem: 0x6000017a8620 Font Asset, ke='Command-F12'>, but is only supported for system-provided menu items; will not be used
Mono: successfully reloaded assembly
- Completed reload, in  1.133 seconds
Domain Reload Profiling:
	ReloadAssembly (1133ms)
		BeginReloadAssembly (108ms)
			ExecutionOrderSort (0ms)
			DisableScriptedObjects (5ms)
			BackupInstance (0ms)
			ReleaseScriptingObjects (0ms)
			CreateAndSetChildDomain (40ms)
		EndReloadAssembly (957ms)
			LoadAssemblies (83ms)
			RebuildTransferFunctionScriptingTraits (0ms)
			SetupTypeCache (339ms)
			ReleaseScriptCaches (1ms)
			RebuildScriptCaches (47ms)
			SetupLoadedEditorAssemblies (355ms)
				LogAssemblyErrors (0ms)
				InitializePlatformSupportModulesInManaged (6ms)
				SetLoadedEditorAssemblies (0ms)
				RefreshPlugins (1ms)
				BeforeProcessingInitializeOnLoad (118ms)
				ProcessInitializeOnLoadAttributes (219ms)
				ProcessInitializeOnLoadMethodAttributes (9ms)
				AfterProcessingInitializeOnLoad (2ms)
				EditorAssembliesLoaded (0ms)
			ExecutionOrderSort2 (0ms)
			AwakeInstancesAfterBackupRestoration (9ms)
Platform modules already initialized, skipping
Switching build target platform(2) subTarget(0) extendedPlatform(0) -> platform(9) subTarget(16777218) extendedPlatform(0)
Refreshing native plugins compatible for Editor in 0.40 ms, found 2 plugins.
Preloading 0 native plugins for Editor in 0.00 ms.
Unloading 1553 Unused Serialized files (Serialized files now loaded: 0)
System memory in use before: 210.9 MB.
System memory in use after: 211.0 MB.

Unloading 14 unused Assets to reduce memory usage. Loaded Objects now: 2046.
Total: 2.826588 ms (FindLiveObjects: 0.161673 ms CreateObjectMapping: 0.050911 ms MarkObjects: 2.598614 ms  DeleteObjects: 0.014546 ms)

AssetImportParameters requested are different than current active one (requested -> active):
  custom:video-decoder-ogg-theora: a1e56fd34408186e4bbccfd4996cb3dc -> 
  custom:container-muxer-webm: aa71ff27fc2769a1b78a27578f13a17b -> 
  custom:container-demuxer-webm: 4f35f7cbe854078d1ac9338744f61a02 -> 
  custom:container-demuxer-ogg: 62fdf1f143b41e24485cea50d1cbac27 -> 
  custom:video-encoder-webm-vp8: eb34c28f22e8b96e1ab97ce403110664 -> 
  custom:framework-osx-AVFoundation: e770b220cccbd017edd2c1fefb359320 -> 
  custom:video-decoder-webm-vp8: 9c59270c3fd7afecdb556c50c9e8de78 -> 
  custom:graphics/normal-map-encoding: 01000000000000000000000000000000 -> 02000000000000000000000000000000
  custom:audio-decoder-ogg-vorbis: bf7c407c2cedff20999df2af8eb42d56 -> 
  custom:audio-encoder-webm-vorbis: bf7c407c2cedff20999df2af8eb42d56 -> 
========================================================================
Received Prepare
Registering precompiled user dll's ...
Registered in 0.003746 seconds.
Begin MonoManager ReloadAssembly
Native extension for WindowsStandalone target not found
Native extension for OSXStandalone target not found
Refreshing native plugins compatible for Editor in 0.48 ms, found 2 plugins.
Preloading 0 native plugins for Editor in 0.00 ms.
2021-11-29 18:40:06.121 Unity[48222:4938753] NSEventModifierFlagFunction specified to -setKeyEquivalentModifierMask: for item <NSMenuItem: 0x6000017a0380 Font Asset, ke='Command-F12'>, but is only supported for system-provided menu items; will not be used
Mono: successfully reloaded assembly
- Completed reload, in  1.471 seconds
Domain Reload Profiling:
	ReloadAssembly (1471ms)
		BeginReloadAssembly (139ms)
			ExecutionOrderSort (0ms)
			DisableScriptedObjects (6ms)
			BackupInstance (0ms)
			ReleaseScriptingObjects (0ms)
			CreateAndSetChildDomain (53ms)
		EndReloadAssembly (1242ms)
			LoadAssemblies (110ms)
			RebuildTransferFunctionScriptingTraits (0ms)
			SetupTypeCache (449ms)
			ReleaseScriptCaches (1ms)
			RebuildScriptCaches (63ms)
			SetupLoadedEditorAssemblies (451ms)
				LogAssemblyErrors (0ms)
				InitializePlatformSupportModulesInManaged (7ms)
				SetLoadedEditorAssemblies (1ms)
				RefreshPlugins (1ms)
				BeforeProcessingInitializeOnLoad (149ms)
				ProcessInitializeOnLoadAttributes (281ms)
				ProcessInitializeOnLoadMethodAttributes (11ms)
				AfterProcessingInitializeOnLoad (2ms)
				EditorAssembliesLoaded (0ms)
			ExecutionOrderSort2 (0ms)
			AwakeInstancesAfterBackupRestoration (10ms)
Platform modules already initialized, skipping
Switching build target platform(2) subTarget(0) extendedPlatform(0) -> platform(9) subTarget(16777218) extendedPlatform(0)
Refreshing native plugins compatible for Editor in 0.47 ms, found 2 plugins.
Preloading 0 native plugins for Editor in 0.00 ms.
Unloading 1553 Unused Serialized files (Serialized files now loaded: 0)
System memory in use before: 211.1 MB.
System memory in use after: 211.2 MB.

Unloading 14 unused Assets to reduce memory usage. Loaded Objects now: 2048.
Total: 3.320553 ms (FindLiveObjects: 0.184283 ms CreateObjectMapping: 0.058128 ms MarkObjects: 3.059024 ms  DeleteObjects: 0.018019 ms)

AssetImportParameters requested are different than current active one (requested -> active):
  custom:video-decoder-ogg-theora: a1e56fd34408186e4bbccfd4996cb3dc -> 
  custom:container-muxer-webm: aa71ff27fc2769a1b78a27578f13a17b -> 
  custom:container-demuxer-webm: 4f35f7cbe854078d1ac9338744f61a02 -> 
  custom:container-demuxer-ogg: 62fdf1f143b41e24485cea50d1cbac27 -> 
  custom:video-encoder-webm-vp8: eb34c28f22e8b96e1ab97ce403110664 -> 
  custom:framework-osx-AVFoundation: e770b220cccbd017edd2c1fefb359320 -> 
  custom:video-decoder-webm-vp8: 9c59270c3fd7afecdb556c50c9e8de78 -> 
  custom:graphics/normal-map-encoding: 01000000000000000000000000000000 -> 02000000000000000000000000000000
  custom:audio-decoder-ogg-vorbis: bf7c407c2cedff20999df2af8eb42d56 -> 
  custom:audio-encoder-webm-vorbis: bf7c407c2cedff20999df2af8eb42d56 -> 
========================================================================
Received Import Request.
  Time since last request: 633.804634 seconds.
  path: Assets/Scenes/Scripts/OneRoom_Menu.cs
  artifactKey: Guid(c596e637c8bea4012a0adafae63f6f33) Importer(815301076,1909f56bfc062723c751e8b465ee728b)
Start importing Assets/Scenes/Scripts/OneRoom_Menu.cs using Guid(c596e637c8bea4012a0adafae63f6f33) Importer(815301076,1909f56bfc062723c751e8b465ee728b)  -> (artifact id: 'ce96c31f1177b95d10a134302bef472e') in 0.004409 seconds 
  Import took 0.007502 seconds .

========================================================================
Received Prepare
Registering precompiled user dll's ...
Registered in 0.002192 seconds.
Begin MonoManager ReloadAssembly
Native extension for WindowsStandalone target not found
Native extension for OSXStandalone target not found
Refreshing native plugins compatible for Editor in 0.62 ms, found 2 plugins.
Preloading 0 native plugins for Editor in 0.00 ms.
2021-11-29 18:42:14.175 Unity[48222:4938753] NSEventModifierFlagFunction specified to -setKeyEquivalentModifierMask: for item <NSMenuItem: 0x60000175b950 Font Asset, ke='Command-F12'>, but is only supported for system-provided menu items; will not be used
Mono: successfully reloaded assembly
- Completed reload, in  1.039 seconds
Domain Reload Profiling:
	ReloadAssembly (1039ms)
		BeginReloadAssembly (105ms)
			ExecutionOrderSort (0ms)
			DisableScriptedObjects (4ms)
			BackupInstance (0ms)
			ReleaseScriptingObjects (0ms)
			CreateAndSetChildDomain (41ms)
		EndReloadAssembly (874ms)
			LoadAssemblies (80ms)
			RebuildTransferFunctionScriptingTraits (0ms)
			SetupTypeCache (305ms)
			ReleaseScriptCaches (1ms)
			RebuildScriptCaches (41ms)
			SetupLoadedEditorAssemblies (325ms)
				LogAssemblyErrors (0ms)
				InitializePlatformSupportModulesInManaged (5ms)
				SetLoadedEditorAssemblies (1ms)
				RefreshPlugins (1ms)
				BeforeProcessingInitializeOnLoad (106ms)
				ProcessInitializeOnLoadAttributes (202ms)
				ProcessInitializeOnLoadMethodAttributes (9ms)
				AfterProcessingInitializeOnLoad (1ms)
				EditorAssembliesLoaded (0ms)
			ExecutionOrderSort2 (0ms)
			AwakeInstancesAfterBackupRestoration (7ms)
Platform modules already initialized, skipping
Switching build target platform(2) subTarget(0) extendedPlatform(0) -> platform(9) subTarget(16777218) extendedPlatform(0)
Refreshing native plugins compatible for Editor in 0.39 ms, found 2 plugins.
Preloading 0 native plugins for Editor in 0.00 ms.
Unloading 1553 Unused Serialized files (Serialized files now loaded: 0)
System memory in use before: 211.3 MB.
System memory in use after: 211.4 MB.

Unloading 14 unused Assets to reduce memory usage. Loaded Objects now: 2050.
Total: 2.599045 ms (FindLiveObjects: 0.123657 ms CreateObjectMapping: 0.034445 ms MarkObjects: 2.427562 ms  DeleteObjects: 0.012666 ms)

AssetImportParameters requested are different than current active one (requested -> active):
  custom:video-decoder-ogg-theora: a1e56fd34408186e4bbccfd4996cb3dc -> 
  custom:container-muxer-webm: aa71ff27fc2769a1b78a27578f13a17b -> 
  custom:container-demuxer-webm: 4f35f7cbe854078d1ac9338744f61a02 -> 
  custom:container-demuxer-ogg: 62fdf1f143b41e24485cea50d1cbac27 -> 
  custom:video-encoder-webm-vp8: eb34c28f22e8b96e1ab97ce403110664 -> 
  custom:framework-osx-AVFoundation: e770b220cccbd017edd2c1fefb359320 -> 
  custom:video-decoder-webm-vp8: 9c59270c3fd7afecdb556c50c9e8de78 -> 
  custom:graphics/normal-map-encoding: 01000000000000000000000000000000 -> 02000000000000000000000000000000
  custom:audio-decoder-ogg-vorbis: bf7c407c2cedff20999df2af8eb42d56 -> 
  custom:audio-encoder-webm-vorbis: bf7c407c2cedff20999df2af8eb42d56 -> 
========================================================================
Received Import Request.
  Time since last request: 172.765111 seconds.
  path: Assets/Scenes/LightningData/OneRoom_Scene/ReflectionProbe-0.exr
  artifactKey: Guid(235c309dd05129d43bfc992088d5a99f) Importer(815301076,1909f56bfc062723c751e8b465ee728b)
Start importing Assets/Scenes/LightningData/OneRoom_Scene/ReflectionProbe-0.exr using Guid(235c309dd05129d43bfc992088d5a99f) Importer(815301076,1909f56bfc062723c751e8b465ee728b)  -> (artifact id: '4aa026824ad4da39e6ccd5211be181c1') in 1.228345 seconds 
  Import took 1.232304 seconds .

========================================================================
Received Import Request.
  Time since last request: 14.878564 seconds.
  path: Assets/Scenes/TextMesh Pro/Examples & Extras/Fonts/Electronic Highway Sign.TTF
  artifactKey: Guid(8a2b9e2a607dd2143b58c44bc32410b4) Importer(815301076,1909f56bfc062723c751e8b465ee728b)
Start importing Assets/Scenes/TextMesh Pro/Examples & Extras/Fonts/Electronic Highway Sign.TTF using Guid(8a2b9e2a607dd2143b58c44bc32410b4) Importer(815301076,1909f56bfc062723c751e8b465ee728b)  -> (artifact id: '5ffdfae85ed7e284d13e360ce9f96c58') in 1.269237 seconds 
  Import took 1.273342 seconds .

========================================================================
Received Import Request.
  Time since last request: 27.786730 seconds.
  path: Assets/Rooms/Prefab/Materials
  artifactKey: Guid(783a1b107a844fe4198996c92ae95fd4) Importer(815301076,1909f56bfc062723c751e8b465ee728b)
Start importing Assets/Rooms/Prefab/Materials using Guid(783a1b107a844fe4198996c92ae95fd4) Importer(815301076,1909f56bfc062723c751e8b465ee728b)  -> (artifact id: '962aa26777a3196f861db12a0e23feab') in 0.001131 seconds 
  Import took 0.005198 seconds .

========================================================================
Received Import Request.
  Time since last request: 4.583520 seconds.
  path: Assets/Rooms/Prefab/Textures
  artifactKey: Guid(1e6b6367a79689b4a8c7d6016c200ff9) Importer(815301076,1909f56bfc062723c751e8b465ee728b)
Start importing Assets/Rooms/Prefab/Textures using Guid(1e6b6367a79689b4a8c7d6016c200ff9) Importer(815301076,1909f56bfc062723c751e8b465ee728b)  -> (artifact id: '21cb6b7ef1756252cfbb5db6e1e095ff') in 0.001079 seconds 
  Import took 0.004716 seconds .

========================================================================
Received Prepare
Registering precompiled user dll's ...
Registered in 0.001854 seconds.
Begin MonoManager ReloadAssembly
Native extension for WindowsStandalone target not found
Native extension for OSXStandalone target not found
Refreshing native plugins compatible for Editor in 0.48 ms, found 2 plugins.
Preloading 0 native plugins for Editor in 0.00 ms.
2021-11-29 18:45:19.837 Unity[48222:4938753] NSEventModifierFlagFunction specified to -setKeyEquivalentModifierMask: for item <NSMenuItem: 0x60000175b3a0 Font Asset, ke='Command-F12'>, but is only supported for system-provided menu items; will not be used
Mono: successfully reloaded assembly
- Completed reload, in  1.097 seconds
Domain Reload Profiling:
	ReloadAssembly (1097ms)
		BeginReloadAssembly (116ms)
			ExecutionOrderSort (0ms)
			DisableScriptedObjects (4ms)
			BackupInstance (0ms)
			ReleaseScriptingObjects (0ms)
			CreateAndSetChildDomain (49ms)
		EndReloadAssembly (917ms)
			LoadAssemblies (82ms)
			RebuildTransferFunctionScriptingTraits (0ms)
			SetupTypeCache (326ms)
			ReleaseScriptCaches (1ms)
			RebuildScriptCaches (47ms)
			SetupLoadedEditorAssemblies (339ms)
				LogAssemblyErrors (0ms)
				InitializePlatformSupportModulesInManaged (5ms)
				SetLoadedEditorAssemblies (1ms)
				RefreshPlugins (1ms)
				BeforeProcessingInitializeOnLoad (109ms)
				ProcessInitializeOnLoadAttributes (213ms)
				ProcessInitializeOnLoadMethodAttributes (9ms)
				AfterProcessingInitializeOnLoad (1ms)
				EditorAssembliesLoaded (0ms)
			ExecutionOrderSort2 (0ms)
			AwakeInstancesAfterBackupRestoration (7ms)
Platform modules already initialized, skipping
Switching build target platform(2) subTarget(0) extendedPlatform(0) -> platform(9) subTarget(16777218) extendedPlatform(0)
Refreshing native plugins compatible for Editor in 0.36 ms, found 2 plugins.
Preloading 0 native plugins for Editor in 0.00 ms.
Unloading 1553 Unused Serialized files (Serialized files now loaded: 0)
System memory in use before: 220.4 MB.
System memory in use after: 220.5 MB.

Unloading 14 unused Assets to reduce memory usage. Loaded Objects now: 2097.
Total: 3.392919 ms (FindLiveObjects: 0.144239 ms CreateObjectMapping: 0.043182 ms MarkObjects: 3.190476 ms  DeleteObjects: 0.014262 ms)

AssetImportParameters requested are different than current active one (requested -> active):
  custom:video-decoder-ogg-theora: a1e56fd34408186e4bbccfd4996cb3dc -> 
  custom:container-muxer-webm: aa71ff27fc2769a1b78a27578f13a17b -> 
  custom:container-demuxer-webm: 4f35f7cbe854078d1ac9338744f61a02 -> 
  custom:container-demuxer-ogg: 62fdf1f143b41e24485cea50d1cbac27 -> 
  custom:video-encoder-webm-vp8: eb34c28f22e8b96e1ab97ce403110664 -> 
  custom:framework-osx-AVFoundation: e770b220cccbd017edd2c1fefb359320 -> 
  custom:video-decoder-webm-vp8: 9c59270c3fd7afecdb556c50c9e8de78 -> 
  custom:graphics/normal-map-encoding: 01000000000000000000000000000000 -> 02000000000000000000000000000000
  custom:audio-decoder-ogg-vorbis: bf7c407c2cedff20999df2af8eb42d56 -> 
  custom:audio-encoder-webm-vorbis: bf7c407c2cedff20999df2af8eb42d56 -> 
========================================================================
Received Prepare
Registering precompiled user dll's ...
Registered in 0.001898 seconds.
Begin MonoManager ReloadAssembly
Native extension for WindowsStandalone target not found
Native extension for OSXStandalone target not found
Refreshing native plugins compatible for Editor in 0.42 ms, found 2 plugins.
Preloading 0 native plugins for Editor in 0.00 ms.
2021-11-29 18:45:45.436 Unity[48222:4938753] NSEventModifierFlagFunction specified to -setKeyEquivalentModifierMask: for item <NSMenuItem: 0x6000014ed9d0 Font Asset, ke='Command-F12'>, but is only supported for system-provided menu items; will not be used
Mono: successfully reloaded assembly
- Completed reload, in  1.122 seconds
Domain Reload Profiling:
	ReloadAssembly (1122ms)
		BeginReloadAssembly (111ms)
			ExecutionOrderSort (0ms)
			DisableScriptedObjects (5ms)
			BackupInstance (0ms)
			ReleaseScriptingObjects (0ms)
			CreateAndSetChildDomain (43ms)
		EndReloadAssembly (944ms)
			LoadAssemblies (82ms)
			RebuildTransferFunctionScriptingTraits (0ms)
			SetupTypeCache (333ms)
			ReleaseScriptCaches (1ms)
			RebuildScriptCaches (49ms)
			SetupLoadedEditorAssemblies (346ms)
				LogAssemblyErrors (0ms)
				InitializePlatformSupportModulesInManaged (6ms)
				SetLoadedEditorAssemblies (1ms)
				RefreshPlugins (0ms)
				BeforeProcessingInitializeOnLoad (116ms)
				ProcessInitializeOnLoadAttributes (213ms)
				ProcessInitializeOnLoadMethodAttributes (9ms)
				AfterProcessingInitializeOnLoad (2ms)
				EditorAssembliesLoaded (0ms)
			ExecutionOrderSort2 (0ms)
			AwakeInstancesAfterBackupRestoration (8ms)
Platform modules already initialized, skipping
Switching build target platform(2) subTarget(0) extendedPlatform(0) -> platform(9) subTarget(16777218) extendedPlatform(0)
Refreshing native plugins compatible for Editor in 0.41 ms, found 2 plugins.
Preloading 0 native plugins for Editor in 0.00 ms.
Unloading 1553 Unused Serialized files (Serialized files now loaded: 0)
System memory in use before: 220.6 MB.
System memory in use after: 220.7 MB.

Unloading 14 unused Assets to reduce memory usage. Loaded Objects now: 2099.
Total: 2.947571 ms (FindLiveObjects: 0.178436 ms CreateObjectMapping: 0.057509 ms MarkObjects: 2.691883 ms  DeleteObjects: 0.018856 ms)

AssetImportParameters requested are different than current active one (requested -> active):
  custom:video-decoder-ogg-theora: a1e56fd34408186e4bbccfd4996cb3dc -> 
  custom:container-muxer-webm: aa71ff27fc2769a1b78a27578f13a17b -> 
  custom:container-demuxer-webm: 4f35f7cbe854078d1ac9338744f61a02 -> 
  custom:container-demuxer-ogg: 62fdf1f143b41e24485cea50d1cbac27 -> 
  custom:video-encoder-webm-vp8: eb34c28f22e8b96e1ab97ce403110664 -> 
  custom:framework-osx-AVFoundation: e770b220cccbd017edd2c1fefb359320 -> 
  custom:video-decoder-webm-vp8: 9c59270c3fd7afecdb556c50c9e8de78 -> 
  custom:graphics/normal-map-encoding: 01000000000000000000000000000000 -> 02000000000000000000000000000000
  custom:audio-decoder-ogg-vorbis: bf7c407c2cedff20999df2af8eb42d56 -> 
  custom:audio-encoder-webm-vorbis: bf7c407c2cedff20999df2af8eb42d56 -> 
========================================================================
Received Import Request.
  Time since last request: 171.238207 seconds.
  path: Assets/Resources/Textures/wood2.jpg
  artifactKey: Guid(156b50781cad9420da1f953aec316991) Importer(815301076,1909f56bfc062723c751e8b465ee728b)
Start importing Assets/Resources/Textures/wood2.jpg using Guid(156b50781cad9420da1f953aec316991) Importer(815301076,1909f56bfc062723c751e8b465ee728b)  -> (artifact id: 'fa79d60c60dc9bb9eac2cfe1b805592a') in 1.096936 seconds 
  Import took 1.101176 seconds .

========================================================================
Received Import Request.
  Time since last request: 134.326396 seconds.
  path: Assets/Resources/Prefabs/Canvas.prefab
  artifactKey: Guid(3765ef4975f339e48822b4f3a8798cd9) Importer(815301076,1909f56bfc062723c751e8b465ee728b)
Start importing Assets/Resources/Prefabs/Canvas.prefab using Guid(3765ef4975f339e48822b4f3a8798cd9) Importer(815301076,1909f56bfc062723c751e8b465ee728b)  -> (artifact id: '6d769ccb10b7644824edf04c3e054b72') in 1.313887 seconds 
  Import took 1.318997 seconds .

========================================================================
Received Import Request.
  Time since last request: 0.004136 seconds.
  path: Assets/SimpleSky/_Prefabs/Cloud_06.prefab
  artifactKey: Guid(c2391e8a6bdf5424194b61e41952a40a) Importer(815301076,1909f56bfc062723c751e8b465ee728b)
Start importing Assets/SimpleSky/_Prefabs/Cloud_06.prefab using Guid(c2391e8a6bdf5424194b61e41952a40a) Importer(815301076,1909f56bfc062723c751e8b465ee728b)  -> (artifact id: 'ec4914b40600441f76465d4e1dc29010') in 0.562541 seconds 
  Import took 0.567180 seconds .

========================================================================
Received Import Request.
  Time since last request: 0.000339 seconds.
  path: Assets/Resources/Toon Furniture/Prefabs/Refrigerator_1.prefab
  artifactKey: Guid(cae965229ed2dc64396613399ba974d4) Importer(815301076,1909f56bfc062723c751e8b465ee728b)
Start importing Assets/Resources/Toon Furniture/Prefabs/Refrigerator_1.prefab using Guid(cae965229ed2dc64396613399ba974d4) Importer(815301076,1909f56bfc062723c751e8b465ee728b)  -> (artifact id: 'e591b4804f32f4cb20a32a43e06d9ff0') in 0.719916 seconds 
  Import took 0.724566 seconds .

========================================================================
Received Import Request.
  Time since last request: 0.000373 seconds.
  path: Assets/Resources/Toon Furniture/Prefabs/Refrigerator_2_BP.prefab
  artifactKey: Guid(e09bd5dec0e1b7d419313bd260ba7fa0) Importer(815301076,1909f56bfc062723c751e8b465ee728b)
Start importing Assets/Resources/Toon Furniture/Prefabs/Refrigerator_2_BP.prefab using Guid(e09bd5dec0e1b7d419313bd260ba7fa0) Importer(815301076,1909f56bfc062723c751e8b465ee728b)  -> (artifact id: '68669e5fc0b3efcc1d268766536cc08d') in 0.615655 seconds 
  Import took 0.620524 seconds .

========================================================================
Received Import Request.
  Time since last request: 0.002212 seconds.
  path: Assets/Resources/Toon Furniture/Prefabs/Pilllow_2.prefab
  artifactKey: Guid(55ee4d169dfcc4b4484fd9ccd27b7764) Importer(815301076,1909f56bfc062723c751e8b465ee728b)
Start importing Assets/Resources/Toon Furniture/Prefabs/Pilllow_2.prefab using Guid(55ee4d169dfcc4b4484fd9ccd27b7764) Importer(815301076,1909f56bfc062723c751e8b465ee728b)  -> (artifact id: '29daba9d7c0f98e3c2df79520e4f7f19') in 0.071301 seconds 
  Import took 0.076145 seconds .

========================================================================
Received Import Request.
  Time since last request: 0.000314 seconds.
  path: Assets/Resources/Toon Furniture/Prefabs/Queen_Bed_2.prefab
  artifactKey: Guid(f4b6d9b5cf2500e419d8cb4fb82a84eb) Importer(815301076,1909f56bfc062723c751e8b465ee728b)
Start importing Assets/Resources/Toon Furniture/Prefabs/Queen_Bed_2.prefab using Guid(f4b6d9b5cf2500e419d8cb4fb82a84eb) Importer(815301076,1909f56bfc062723c751e8b465ee728b)  -> (artifact id: '1afeb8cb7f96db03589b16eb38a378ae') in 0.219071 seconds 
  Import took 0.223429 seconds .

========================================================================
Received Import Request.
  Time since last request: 0.000298 seconds.
  path: Assets/Resources/Toon Furniture/Prefabs/Queen_Bed_1.prefab
  artifactKey: Guid(10efb94c6bff2ac4ead891c26d371ef4) Importer(815301076,1909f56bfc062723c751e8b465ee728b)
Start importing Assets/Resources/Toon Furniture/Prefabs/Queen_Bed_1.prefab using Guid(10efb94c6bff2ac4ead891c26d371ef4) Importer(815301076,1909f56bfc062723c751e8b465ee728b)  -> (artifact id: '5fe3898045ef70a429c1dea7825367b6') in 0.224342 seconds 
  Import took 0.228815 seconds .

========================================================================
Received Import Request.
  Time since last request: 0.002094 seconds.
  path: Assets/SimpleSky/_Prefabs/Cloud_01.prefab
  artifactKey: Guid(09062dc0008857b46aaacdb7206f1453) Importer(815301076,1909f56bfc062723c751e8b465ee728b)
Start importing Assets/SimpleSky/_Prefabs/Cloud_01.prefab using Guid(09062dc0008857b46aaacdb7206f1453) Importer(815301076,1909f56bfc062723c751e8b465ee728b)  -> (artifact id: '881da7a1d94fedf5e54a0a264afcc984') in 0.017224 seconds 
  Import took 0.021662 seconds .

========================================================================
Received Import Request.
  Time since last request: 0.000316 seconds.
  path: Assets/Resources/Toon Furniture/Prefabs/Single_Bed_1.prefab
  artifactKey: Guid(21d9d51385e39804281f257f3a9bfab0) Importer(815301076,1909f56bfc062723c751e8b465ee728b)
Start importing Assets/Resources/Toon Furniture/Prefabs/Single_Bed_1.prefab using Guid(21d9d51385e39804281f257f3a9bfab0) Importer(815301076,1909f56bfc062723c751e8b465ee728b)  -> (artifact id: '9b518eefc82408b1a731c37ff5f414d0') in 0.439527 seconds 
  Import took 0.444190 seconds .

========================================================================
Received Import Request.
  Time since last request: 0.000319 seconds.
  path: Assets/SimpleSky/_Prefabs/Cloud_02.prefab
  artifactKey: Guid(73ef0b63ffe19f94ab35e4475b345d70) Importer(815301076,1909f56bfc062723c751e8b465ee728b)
Start importing Assets/SimpleSky/_Prefabs/Cloud_02.prefab using Guid(73ef0b63ffe19f94ab35e4475b345d70) Importer(815301076,1909f56bfc062723c751e8b465ee728b)  -> (artifact id: '930e1aac3b11b5a1d00b7e203e069ee3') in 0.025333 seconds 
  Import took 0.030095 seconds .

========================================================================
Received Import Request.
  Time since last request: 0.000373 seconds.
  path: Assets/Resources/Toon Furniture/Prefabs/Refrigerator_2.prefab
  artifactKey: Guid(7f58309ce166972478cee4c83a1c91cd) Importer(815301076,1909f56bfc062723c751e8b465ee728b)
Start importing Assets/Resources/Toon Furniture/Prefabs/Refrigerator_2.prefab using Guid(7f58309ce166972478cee4c83a1c91cd) Importer(815301076,1909f56bfc062723c751e8b465ee728b)  -> (artifact id: '35ae8ab3fb0cbaa68cfb394984dd57b5') in 0.231104 seconds 
  Import took 0.235890 seconds .

========================================================================
Received Import Request.
  Time since last request: 0.000308 seconds.
  path: Assets/SimpleSky/_Prefabs/Cloud_05.prefab
  artifactKey: Guid(c37b1ccfbc7ed274eb99f9d40e72c4e6) Importer(815301076,1909f56bfc062723c751e8b465ee728b)
Start importing Assets/SimpleSky/_Prefabs/Cloud_05.prefab using Guid(c37b1ccfbc7ed274eb99f9d40e72c4e6) Importer(815301076,1909f56bfc062723c751e8b465ee728b)  -> (artifact id: 'b539d46a14ddf8a967495ea826dabf4e') in 0.022447 seconds 
  Import took 0.026814 seconds .

========================================================================
Received Import Request.
  Time since last request: 0.000290 seconds.
  path: Assets/Resources/Toon Furniture/Prefabs/Pillow_1.prefab
  artifactKey: Guid(1fcc8ec3f56125644a57945c32cc1946) Importer(815301076,1909f56bfc062723c751e8b465ee728b)
Start importing Assets/Resources/Toon Furniture/Prefabs/Pillow_1.prefab using Guid(1fcc8ec3f56125644a57945c32cc1946) Importer(815301076,1909f56bfc062723c751e8b465ee728b)  -> (artifact id: '18b322018a1f395cfd23340d86537610') in 0.088739 seconds 
  Import took 0.093006 seconds .

========================================================================
Received Import Request.
  Time since last request: 0.000304 seconds.
  path: Assets/SimpleSky/_Prefabs/Cloud_04.prefab
  artifactKey: Guid(420bde364644a314396dc8ed24ee99d6) Importer(815301076,1909f56bfc062723c751e8b465ee728b)
Start importing Assets/SimpleSky/_Prefabs/Cloud_04.prefab using Guid(420bde364644a314396dc8ed24ee99d6) Importer(815301076,1909f56bfc062723c751e8b465ee728b)  -> (artifact id: '731512dcda9ae4dd8854f044efd65189') in 0.023692 seconds 
  Import took 0.028054 seconds .

========================================================================
Received Import Request.
  Time since last request: 0.000339 seconds.
  path: Assets/Resources/Toon Furniture/Prefabs/ModularCounter_3.prefab
  artifactKey: Guid(e8e3d84b4df91a24892ed822cd330e12) Importer(815301076,1909f56bfc062723c751e8b465ee728b)
Start importing Assets/Resources/Toon Furniture/Prefabs/ModularCounter_3.prefab using Guid(e8e3d84b4df91a24892ed822cd330e12) Importer(815301076,1909f56bfc062723c751e8b465ee728b)  -> (artifact id: '2a50cbe63e11261d604de6ef96f72fdc') in 0.229723 seconds 
  Import took 0.233833 seconds .

========================================================================
Received Import Request.
  Time since last request: 0.000314 seconds.
  path: Assets/Joystick Pack/Prefabs/Fixed Joystick.prefab
  artifactKey: Guid(aaa2c939c0359ac4dbce3f49e8b90252) Importer(815301076,1909f56bfc062723c751e8b465ee728b)
Start importing Assets/Joystick Pack/Prefabs/Fixed Joystick.prefab using Guid(aaa2c939c0359ac4dbce3f49e8b90252) Importer(815301076,1909f56bfc062723c751e8b465ee728b)  -> (artifact id: '6488ea54ce3ad34414a7dab8fcb5411e') in 0.007913 seconds 
  Import took 0.012273 seconds .

========================================================================
Received Import Request.
  Time since last request: 0.000318 seconds.
  path: Assets/SimpleSky/_Prefabs/Cloud_03.prefab
  artifactKey: Guid(2df72ec125264584faa40cb1beef0481) Importer(815301076,1909f56bfc062723c751e8b465ee728b)
Start importing Assets/SimpleSky/_Prefabs/Cloud_03.prefab using Guid(2df72ec125264584faa40cb1beef0481) Importer(815301076,1909f56bfc062723c751e8b465ee728b)  -> (artifact id: 'd1a5847de38dcb0cc1564485daa55493') in 0.016071 seconds 
  Import took 0.020202 seconds .

========================================================================
Received Import Request.
  Time since last request: 0.000672 seconds.
  path: Assets/Resources/Prefabs/Canvas 1.prefab
  artifactKey: Guid(4fe7d9b7a7a0a2c4c9b516c68e4fe8db) Importer(815301076,1909f56bfc062723c751e8b465ee728b)
Start importing Assets/Resources/Prefabs/Canvas 1.prefab using Guid(4fe7d9b7a7a0a2c4c9b516c68e4fe8db) Importer(815301076,1909f56bfc062723c751e8b465ee728b)  -> (artifact id: 'a7ff7ccdaa62db5124f897d9dd5dbe62') in 0.207696 seconds 
  Import took 0.222153 seconds .

AssetImportWorkerClient::OnTransportError - code=2 error=End of file
